May 17, 2020 3:23:00 PM G2.Project.Test.TS02.TC_Login_01 setUpTCLogin01
INFO: ***** G2.Project.Test.TS02.TC_Login_01 *****
May 17, 2020 3:23:03 PM G2.Project.Base.TestBase checkData
INFO: ***** Check Data Field *****
May 17, 2020 3:23:03 PM G2.Project.Base.TestBase checkData
INFO: Data = {user_id=99, message=loged in, token=eyJhbGciOiJIUzUxMiJ9.eyJzdWIiOiI2MjgxOTA1MjE4OTU4IiwiZXhwIjoxNTg5NzIxNzgxLCJpYXQiOjE1ODk3MDM3ODF9.Yc3GTWpH8CzU1Nb7S5T-gtPOseHJ9wzl2t1go-XdeeYRylG8MY0bK--VbOBeyWar_lRZdSKr4zM32cR5LnunnA}
May 17, 2020 3:23:03 PM G2.Project.Base.TestBase checkContentType
INFO: ***** Check Content Type *****
May 17, 2020 3:23:03 PM G2.Project.Base.TestBase checkBody
INFO: ***** Check Body Data *****
May 17, 2020 3:23:03 PM G2.Project.Base.TestBase checkResponseTime
INFO: ***** Check Response Time *****
May 17, 2020 3:23:03 PM G2.Project.Base.TestBase checkResponseTime
INFO: Response Time = 1866
May 17, 2020 3:23:03 PM G2.Project.Base.TestBase checkStatusCode
INFO: ***** Check Status Code *****
May 17, 2020 3:23:03 PM G2.Project.Base.TestBase checkStatusCode
INFO: Status Code = 200
May 17, 2020 3:23:03 PM G2.Project.Base.TestBase checkStatusLine
INFO: ***** Check Status Line *****
May 17, 2020 3:23:03 PM G2.Project.Base.TestBase checkStatusLine
INFO: Status Line = HTTP/1.1 200 
May 17, 2020 3:23:03 PM G2.Project.Test.TS02.TC_Login_02 setUpTCLogin02
INFO: ***** G2.Project.Test.TS02.TC_Login_02 *****
May 17, 2020 3:23:04 PM G2.Project.Base.TestBase checkContentType
INFO: ***** Check Content Type *****
May 17, 2020 3:23:04 PM G2.Project.Base.TestBase checkBody
INFO: ***** Check Body Data *****
May 17, 2020 3:23:04 PM G2.Project.Base.TestBase checkResponseTime
INFO: ***** Check Response Time *****
May 17, 2020 3:23:04 PM G2.Project.Base.TestBase checkResponseTime
INFO: Response Time = 1337
May 17, 2020 3:23:04 PM G2.Project.Base.TestBase checkStatusCode
INFO: ***** Check Status Code *****
May 17, 2020 3:23:04 PM G2.Project.Base.TestBase checkStatusCode
INFO: Status Code = 401
May 17, 2020 3:23:04 PM G2.Project.Base.TestBase checkStatusLine
INFO: ***** Check Status Line *****
May 17, 2020 3:23:04 PM G2.Project.Base.TestBase checkStatusLine
INFO: Status Line = HTTP/1.1 401 
May 17, 2020 3:23:04 PM G2.Project.Test.TS02.TC_Login_03 setUpTCLogin03
INFO: ***** G2.Project.Test.TS02.TC_Login_03 *****
May 17, 2020 3:23:06 PM G2.Project.Base.TestBase checkContentType
INFO: ***** Check Content Type *****
May 17, 2020 3:23:06 PM G2.Project.Base.TestBase checkBody
INFO: ***** Check Body Data *****
May 17, 2020 3:23:06 PM G2.Project.Base.TestBase checkResponseTime
INFO: ***** Check Response Time *****
May 17, 2020 3:23:06 PM G2.Project.Base.TestBase checkResponseTime
INFO: Response Time = 1644
May 17, 2020 3:23:06 PM G2.Project.Base.TestBase checkStatusCode
INFO: ***** Check Status Code *****
May 17, 2020 3:23:06 PM G2.Project.Base.TestBase checkStatusCode
INFO: Status Code = 401
May 17, 2020 3:23:06 PM G2.Project.Base.TestBase checkStatusLine
INFO: ***** Check Status Line *****
May 17, 2020 3:23:06 PM G2.Project.Base.TestBase checkStatusLine
INFO: Status Line = HTTP/1.1 401 
May 17, 2020 3:23:06 PM G2.Project.Test.TS02.TC_Login_04 setUpTCLogin04
INFO: ***** G2.Project.Test.TS02.TC_Login_04 *****
May 17, 2020 3:23:07 PM G2.Project.Base.TestBase checkContentType
INFO: ***** Check Content Type *****
May 17, 2020 3:23:07 PM G2.Project.Base.TestBase checkBody
INFO: ***** Check Body Data *****
May 17, 2020 3:23:07 PM G2.Project.Base.TestBase checkResponseTime
INFO: ***** Check Response Time *****
May 17, 2020 3:23:07 PM G2.Project.Base.TestBase checkResponseTime
INFO: Response Time = 1459
May 17, 2020 3:23:07 PM G2.Project.Base.TestBase checkStatusCode
INFO: ***** Check Status Code *****
May 17, 2020 3:23:07 PM G2.Project.Base.TestBase checkStatusCode
INFO: Status Code = 401
May 17, 2020 3:23:07 PM G2.Project.Base.TestBase checkStatusLine
INFO: ***** Check Status Line *****
May 17, 2020 3:23:07 PM G2.Project.Base.TestBase checkStatusLine
INFO: Status Line = HTTP/1.1 401 
May 17, 2020 3:23:07 PM G2.Project.Test.TS02.TC_Login_05 setUpTCLogin05
INFO: ***** G2.Project.Test.TS02.TC_Login_05 *****
May 17, 2020 3:23:09 PM G2.Project.Base.TestBase checkContentType
INFO: ***** Check Content Type *****
May 17, 2020 3:23:09 PM G2.Project.Base.TestBase checkBody
INFO: ***** Check Body Data *****
May 17, 2020 3:23:09 PM G2.Project.Base.TestBase checkResponseTime
INFO: ***** Check Response Time *****
May 17, 2020 3:23:09 PM G2.Project.Base.TestBase checkResponseTime
INFO: Response Time = 1518
May 17, 2020 3:23:09 PM G2.Project.Base.TestBase checkStatusCode
INFO: ***** Check Status Code *****
May 17, 2020 3:23:09 PM G2.Project.Base.TestBase checkStatusCode
INFO: Status Code = 401
May 17, 2020 3:23:09 PM G2.Project.Base.TestBase checkStatusLine
INFO: ***** Check Status Line *****
May 17, 2020 3:23:09 PM G2.Project.Base.TestBase checkStatusLine
INFO: Status Line = HTTP/1.1 401 
May 17, 2020 3:23:09 PM G2.Project.Test.TS02.TC_Login_06 setUpTCLogin06
INFO: ***** G2.Project.Test.TS02.TC_Login_06 *****
May 17, 2020 3:23:11 PM G2.Project.Base.TestBase checkContentType
INFO: ***** Check Content Type *****
May 17, 2020 3:23:11 PM G2.Project.Base.TestBase checkBody
INFO: ***** Check Body Data *****
May 17, 2020 3:23:11 PM G2.Project.Base.TestBase checkResponseTime
INFO: ***** Check Response Time *****
May 17, 2020 3:23:11 PM G2.Project.Base.TestBase checkResponseTime
INFO: Response Time = 1657
May 17, 2020 3:23:11 PM G2.Project.Base.TestBase checkStatusCode
INFO: ***** Check Status Code *****
May 17, 2020 3:23:11 PM G2.Project.Base.TestBase checkStatusCode
INFO: Status Code = 401
May 17, 2020 3:23:11 PM G2.Project.Base.TestBase checkStatusLine
INFO: ***** Check Status Line *****
May 17, 2020 3:23:11 PM G2.Project.Base.TestBase checkStatusLine
INFO: Status Line = HTTP/1.1 401 
May 17, 2020 3:23:11 PM G2.Project.Test.TS02.TC_Login_07 setUpTCLogin07
INFO: ***** G2.Project.Test.TS02.TC_Login_07 *****
May 17, 2020 3:23:12 PM G2.Project.Base.TestBase checkContentType
INFO: ***** Check Content Type *****
May 17, 2020 3:23:12 PM G2.Project.Base.TestBase checkBody
INFO: ***** Check Body Data *****
May 17, 2020 3:23:12 PM G2.Project.Base.TestBase checkResponseTime
INFO: ***** Check Response Time *****
May 17, 2020 3:23:12 PM G2.Project.Base.TestBase checkResponseTime
INFO: Response Time = 1065
May 17, 2020 3:23:12 PM G2.Project.Base.TestBase checkStatusCode
INFO: ***** Check Status Code *****
May 17, 2020 3:23:12 PM G2.Project.Base.TestBase checkStatusCode
INFO: Status Code = 401
May 17, 2020 3:23:12 PM G2.Project.Base.TestBase checkStatusLine
INFO: ***** Check Status Line *****
May 17, 2020 3:23:12 PM G2.Project.Base.TestBase checkStatusLine
INFO: Status Line = HTTP/1.1 401 
May 17, 2020 3:23:12 PM G2.Project.Test.TS02.TC_Login_08 setUpTCLogin08
INFO: ***** G2.Project.Test.TS02.TC_Login_08 *****
May 17, 2020 3:23:14 PM G2.Project.Base.TestBase checkContentType
INFO: ***** Check Content Type *****
May 17, 2020 3:23:14 PM G2.Project.Base.TestBase checkBody
INFO: ***** Check Body Data *****
May 17, 2020 3:23:14 PM G2.Project.Base.TestBase checkResponseTime
INFO: ***** Check Response Time *****
May 17, 2020 3:23:14 PM G2.Project.Base.TestBase checkResponseTime
INFO: Response Time = 1923
May 17, 2020 3:23:14 PM G2.Project.Base.TestBase checkStatusCode
INFO: ***** Check Status Code *****
May 17, 2020 3:23:14 PM G2.Project.Base.TestBase checkStatusCode
INFO: Status Code = 401
May 17, 2020 3:23:14 PM G2.Project.Base.TestBase checkStatusLine
INFO: ***** Check Status Line *****
May 17, 2020 3:23:14 PM G2.Project.Base.TestBase checkStatusLine
INFO: Status Line = HTTP/1.1 401 
May 17, 2020 3:23:14 PM G2.Project.Test.TS02.TC_Login_09 setUpTCLogin09
INFO: ***** G2.Project.Test.TS02.TC_Login_09 *****
May 17, 2020 3:23:15 PM G2.Project.Base.TestBase checkContentType
INFO: ***** Check Content Type *****
May 17, 2020 3:23:15 PM G2.Project.Base.TestBase checkBody
INFO: ***** Check Body Data *****
May 17, 2020 3:23:15 PM G2.Project.Base.TestBase checkResponseTime
INFO: ***** Check Response Time *****
May 17, 2020 3:23:15 PM G2.Project.Base.TestBase checkResponseTime
INFO: Response Time = 1279
May 17, 2020 3:23:15 PM G2.Project.Base.TestBase checkStatusCode
INFO: ***** Check Status Code *****
May 17, 2020 3:23:15 PM G2.Project.Base.TestBase checkStatusCode
INFO: Status Code = 401
May 17, 2020 3:23:15 PM G2.Project.Base.TestBase checkStatusLine
INFO: ***** Check Status Line *****
May 17, 2020 3:23:15 PM G2.Project.Base.TestBase checkStatusLine
INFO: Status Line = HTTP/1.1 401 
May 17, 2020 3:23:15 PM G2.Project.Test.TS06.TC_GetUserProfile_01 setUpTCGetUserProfile01
INFO: ***** G2.Project.Test.TS06.TC_GetUserProfile_01 *****
May 17, 2020 3:23:17 PM G2.Project.Base.TestBase checkData
INFO: ***** Check Data Field *****
May 17, 2020 3:23:17 PM G2.Project.Base.TestBase checkData
INFO: Data = {last_name=Tester, phone_number=6281905218958, first_name=Backend, email=sdetbe.team1@gmail.com}
May 17, 2020 3:23:17 PM G2.Project.Base.TestBase checkContentType
INFO: ***** Check Content Type *****
May 17, 2020 3:23:17 PM G2.Project.Base.TestBase checkBody
INFO: ***** Check Body Data *****
May 17, 2020 3:23:17 PM G2.Project.Base.TestBase checkResponseTime
INFO: ***** Check Response Time *****
May 17, 2020 3:23:17 PM G2.Project.Base.TestBase checkResponseTime
INFO: Response Time = 1176
May 17, 2020 3:23:17 PM G2.Project.Base.TestBase checkStatusCode
INFO: ***** Check Status Code *****
May 17, 2020 3:23:17 PM G2.Project.Base.TestBase checkStatusCode
INFO: Status Code = 200
May 17, 2020 3:23:17 PM G2.Project.Base.TestBase checkStatusLine
INFO: ***** Check Status Line *****
May 17, 2020 3:23:17 PM G2.Project.Base.TestBase checkStatusLine
INFO: Status Line = HTTP/1.1 200 
May 17, 2020 3:23:17 PM G2.Project.Test.TS06.TC_GetUserProfile_02 setUpTCGetUserProfile02
INFO: ***** G2.Project.Test.TS06.TC_GetUserProfile_02 *****
May 17, 2020 3:23:18 PM G2.Project.Base.TestBase checkBody
INFO: ***** Check Body Data *****
May 17, 2020 3:23:18 PM G2.Project.Base.TestBase checkResponseTime
INFO: ***** Check Response Time *****
May 17, 2020 3:23:18 PM G2.Project.Base.TestBase checkResponseTime
INFO: Response Time = 896
May 17, 2020 3:23:18 PM G2.Project.Base.TestBase checkStatusCode
INFO: ***** Check Status Code *****
May 17, 2020 3:23:18 PM G2.Project.Base.TestBase checkStatusCode
INFO: Status Code = 401
May 17, 2020 3:23:18 PM G2.Project.Base.TestBase checkStatusLine
INFO: ***** Check Status Line *****
May 17, 2020 3:23:18 PM G2.Project.Base.TestBase checkStatusLine
INFO: Status Line = HTTP/1.1 401 
May 17, 2020 3:23:18 PM G2.Project.Test.TS07.TC_GetUserBalance_01 setUpTCGetUserBalance01
INFO: ***** G2.Project.Test.TS07.TC_GetUserBalance_01 *****
May 17, 2020 3:23:20 PM G2.Project.Base.TestBase checkContentType
INFO: ***** Check Content Type *****
May 17, 2020 3:23:20 PM G2.Project.Base.TestBase checkBody
INFO: ***** Check Body Data *****
May 17, 2020 3:23:20 PM G2.Project.Base.TestBase checkResponseTime
INFO: ***** Check Response Time *****
May 17, 2020 3:23:20 PM G2.Project.Base.TestBase checkResponseTime
INFO: Response Time = 2322
May 17, 2020 3:23:20 PM G2.Project.Base.TestBase checkStatusCode
INFO: ***** Check Status Code *****
May 17, 2020 3:23:20 PM G2.Project.Base.TestBase checkStatusCode
INFO: Status Code = 200
May 17, 2020 3:23:20 PM G2.Project.Base.TestBase checkStatusLine
INFO: ***** Check Status Line *****
May 17, 2020 3:23:20 PM G2.Project.Base.TestBase checkStatusLine
INFO: Status Line = HTTP/1.1 200 
May 17, 2020 3:23:20 PM G2.Project.Test.TS07.TC_GetUserBalance_02 setUpTCGetUserBalance02
INFO: ***** G2.Project.Test.TS07.TC_GetUserBalance_02 *****
May 17, 2020 3:23:21 PM G2.Project.Base.TestBase checkBody
INFO: ***** Check Body Data *****
May 17, 2020 3:23:21 PM G2.Project.Base.TestBase checkResponseTime
INFO: ***** Check Response Time *****
May 17, 2020 3:23:21 PM G2.Project.Base.TestBase checkResponseTime
INFO: Response Time = 990
May 17, 2020 3:23:21 PM G2.Project.Base.TestBase checkStatusCode
INFO: ***** Check Status Code *****
May 17, 2020 3:23:21 PM G2.Project.Base.TestBase checkStatusCode
INFO: Status Code = 401
May 17, 2020 3:23:21 PM G2.Project.Base.TestBase checkStatusLine
INFO: ***** Check Status Line *****
May 17, 2020 3:23:21 PM G2.Project.Base.TestBase checkStatusLine
INFO: Status Line = HTTP/1.1 401 
May 17, 2020 3:23:21 PM G2.Project.Test.TS08.TC_GetBalanceCatalog_01 setUpTCGetBalanceCatalog01
INFO: ***** G2.Project.Test.TS08.TC_GetBalanceCatalog_01 *****
May 17, 2020 3:23:22 PM G2.Project.Base.TestBase checkData
INFO: ***** Check Data Field *****
May 17, 2020 3:23:22 PM G2.Project.Base.TestBase checkData
INFO: Data = [{code=e-10, balance=10000, id=1}, {code=e-20, balance=20000, id=2}, {code=e-50, balance=50000, id=3}, {code=e-100, balance=100000, id=4}, {code=e-200, balance=200000, id=5}, {code=e-500, balance=500000, id=6}]
May 17, 2020 3:23:22 PM G2.Project.Base.TestBase checkContentType
INFO: ***** Check Content Type *****
May 17, 2020 3:23:22 PM G2.Project.Base.TestBase checkBody
INFO: ***** Check Body Data *****
May 17, 2020 3:23:22 PM G2.Project.Base.TestBase checkResponseTime
INFO: ***** Check Response Time *****
May 17, 2020 3:23:22 PM G2.Project.Base.TestBase checkResponseTime
INFO: Response Time = 1064
May 17, 2020 3:23:22 PM G2.Project.Base.TestBase checkStatusCode
INFO: ***** Check Status Code *****
May 17, 2020 3:23:22 PM G2.Project.Base.TestBase checkStatusCode
INFO: Status Code = 200
May 17, 2020 3:23:22 PM G2.Project.Base.TestBase checkStatusLine
INFO: ***** Check Status Line *****
May 17, 2020 3:23:22 PM G2.Project.Base.TestBase checkStatusLine
INFO: Status Line = HTTP/1.1 200 
May 17, 2020 3:23:22 PM G2.Project.Test.TS08.TC_GetBalanceCatalog_02 setUpTCGetBalanceCatalog02
INFO: ***** G2.Project.Test.TS08.TC_GetBalanceCatalog_02 *****
May 17, 2020 3:23:23 PM G2.Project.Base.TestBase checkBody
INFO: ***** Check Body Data *****
May 17, 2020 3:23:23 PM G2.Project.Base.TestBase checkResponseTime
INFO: ***** Check Response Time *****
May 17, 2020 3:23:23 PM G2.Project.Base.TestBase checkResponseTime
INFO: Response Time = 1095
May 17, 2020 3:23:23 PM G2.Project.Base.TestBase checkStatusCode
INFO: ***** Check Status Code *****
May 17, 2020 3:23:23 PM G2.Project.Base.TestBase checkStatusCode
INFO: Status Code = 401
May 17, 2020 3:23:23 PM G2.Project.Base.TestBase checkStatusLine
INFO: ***** Check Status Line *****
May 17, 2020 3:23:23 PM G2.Project.Base.TestBase checkStatusLine
INFO: Status Line = HTTP/1.1 401 
May 17, 2020 3:23:23 PM G2.Project.Test.TS09.TC_GetPaymentMethod_01 setUpTCGetPaymentMethod01
INFO: ***** G2.Project.Test.TS09.TC_GetPaymentMethod_01 *****
May 17, 2020 3:23:25 PM G2.Project.Base.TestBase checkData
INFO: ***** Check Data Field *****
May 17, 2020 3:23:25 PM G2.Project.Base.TestBase checkData
INFO: Data = [{payment_type=1, name=BCA, id=1}, {payment_type=2, name=Indomaret, id=2}]
May 17, 2020 3:23:25 PM G2.Project.Base.TestBase checkContentType
INFO: ***** Check Content Type *****
May 17, 2020 3:23:25 PM G2.Project.Base.TestBase checkBody
INFO: ***** Check Body Data *****
May 17, 2020 3:23:25 PM G2.Project.Base.TestBase checkResponseTime
INFO: ***** Check Response Time *****
May 17, 2020 3:23:25 PM G2.Project.Base.TestBase checkResponseTime
INFO: Response Time = 1276
May 17, 2020 3:23:25 PM G2.Project.Base.TestBase checkStatusCode
INFO: ***** Check Status Code *****
May 17, 2020 3:23:25 PM G2.Project.Base.TestBase checkStatusCode
INFO: Status Code = 200
May 17, 2020 3:23:25 PM G2.Project.Base.TestBase checkStatusLine
INFO: ***** Check Status Line *****
May 17, 2020 3:23:25 PM G2.Project.Base.TestBase checkStatusLine
INFO: Status Line = HTTP/1.1 200 
May 17, 2020 3:23:25 PM G2.Project.Test.TS09.TC_GetPaymentMethod_02 setUpTCGetPaymentMethod02
INFO: ***** G2.Project.Test.TS09.TC_GetPaymentMethod_02 *****
May 17, 2020 3:23:26 PM G2.Project.Base.TestBase checkBody
INFO: ***** Check Body Data *****
May 17, 2020 3:23:26 PM G2.Project.Base.TestBase checkResponseTime
INFO: ***** Check Response Time *****
May 17, 2020 3:23:26 PM G2.Project.Base.TestBase checkResponseTime
INFO: Response Time = 993
May 17, 2020 3:23:26 PM G2.Project.Base.TestBase checkStatusCode
INFO: ***** Check Status Code *****
May 17, 2020 3:23:26 PM G2.Project.Base.TestBase checkStatusCode
INFO: Status Code = 401
May 17, 2020 3:23:26 PM G2.Project.Base.TestBase checkStatusLine
INFO: ***** Check Status Line *****
May 17, 2020 3:23:26 PM G2.Project.Base.TestBase checkStatusLine
INFO: Status Line = HTTP/1.1 401 
May 17, 2020 3:23:27 PM G2.Project.Test.TS10.TC_ConfirmMerchantTopup_02 SettingUp
INFO: ***** G2.Project.Test.TS10.TC_ConfirmMerchantTopup_02 ******
May 17, 2020 3:23:28 PM G2.Project.Base.TestBase checkContentType
INFO: ***** Check Content Type *****
May 17, 2020 3:23:28 PM G2.Project.Base.TestBase checkBody
INFO: ***** Check Body Data *****
May 17, 2020 3:23:28 PM G2.Project.Base.TestBase checkResponseTime
INFO: ***** Check Response Time *****
May 17, 2020 3:23:28 PM G2.Project.Base.TestBase checkResponseTime
INFO: Response Time = 904
May 17, 2020 3:23:28 PM G2.Project.Base.TestBase checkStatusCode
INFO: ***** Check Status Code *****
May 17, 2020 3:23:28 PM G2.Project.Base.TestBase checkStatusCode
INFO: Status Code = 406
May 17, 2020 3:23:28 PM G2.Project.Base.TestBase checkStatusLine
INFO: ***** Check Status Line *****
May 17, 2020 3:23:28 PM G2.Project.Base.TestBase checkStatusLine
INFO: Status Line = HTTP/1.1 406 
May 17, 2020 3:23:28 PM G2.Project.Test.TS10.TC_ConfirmMerchantTopup_03 SettingUp
INFO: ***** G2.Project.Test.TS10.TC_ConfirmMerchantTopup_03 ******
May 17, 2020 3:23:29 PM G2.Project.Base.TestBase checkContentType
INFO: ***** Check Content Type *****
May 17, 2020 3:23:29 PM G2.Project.Base.TestBase checkBody
INFO: ***** Check Body Data *****
May 17, 2020 3:23:29 PM G2.Project.Base.TestBase checkResponseTime
INFO: ***** Check Response Time *****
May 17, 2020 3:23:29 PM G2.Project.Base.TestBase checkResponseTime
INFO: Response Time = 1111
May 17, 2020 3:23:29 PM G2.Project.Base.TestBase checkStatusCode
INFO: ***** Check Status Code *****
May 17, 2020 3:23:29 PM G2.Project.Base.TestBase checkStatusCode
INFO: Status Code = 406
May 17, 2020 3:23:29 PM G2.Project.Base.TestBase checkStatusLine
INFO: ***** Check Status Line *****
May 17, 2020 3:23:29 PM G2.Project.Base.TestBase checkStatusLine
INFO: Status Line = HTTP/1.1 406 
May 17, 2020 3:23:29 PM G2.Project.Test.TS10.TC_ConfirmMerchantTopup_01 SettingUp
INFO: ***** G2.Project.Test.TS10.TC_ConfirmMerchantTopup_01 ******
May 17, 2020 3:23:30 PM G2.Project.Base.TestBase checkContentType
INFO: ***** Check Content Type *****
May 17, 2020 3:23:30 PM G2.Project.Base.TestBase checkBody
INFO: ***** Check Body Data *****
May 17, 2020 3:23:30 PM G2.Project.Base.TestBase checkResponseTime
INFO: ***** Check Response Time *****
May 17, 2020 3:23:30 PM G2.Project.Base.TestBase checkResponseTime
INFO: Response Time = 1089
May 17, 2020 3:23:30 PM G2.Project.Base.TestBase checkStatusCode
INFO: ***** Check Status Code *****
May 17, 2020 3:23:30 PM G2.Project.Base.TestBase checkStatusCode
INFO: Status Code = 200
May 17, 2020 3:23:30 PM G2.Project.Base.TestBase checkStatusLine
INFO: ***** Check Status Line *****
May 17, 2020 3:23:30 PM G2.Project.Base.TestBase checkStatusLine
INFO: Status Line = HTTP/1.1 200 
May 17, 2020 3:23:30 PM G2.Project.Test.TS11.TC_GetTopUpHistory_02 settingUp
INFO: ***** G2.Project.Test.TS11.TC_GetTopUpHistory_02 *****
May 17, 2020 3:23:31 PM G2.Project.Base.TestBase checkBody
INFO: ***** Check Body Data *****
May 17, 2020 3:23:31 PM G2.Project.Base.TestBase checkResponseTime
INFO: ***** Check Response Time *****
May 17, 2020 3:23:31 PM G2.Project.Base.TestBase checkResponseTime
INFO: Response Time = 1258
May 17, 2020 3:23:31 PM G2.Project.Base.TestBase checkStatusCode
INFO: ***** Check Status Code *****
May 17, 2020 3:23:31 PM G2.Project.Base.TestBase checkStatusCode
INFO: Status Code = 401
May 17, 2020 3:23:31 PM G2.Project.Base.TestBase checkStatusLine
INFO: ***** Check Status Line *****
May 17, 2020 3:23:31 PM G2.Project.Base.TestBase checkStatusLine
INFO: Status Line = HTTP/1.1 401 
May 17, 2020 3:23:31 PM G2.Project.Test.TS11.TC_GetTopUpHistory_01 settingUp
INFO: ***** G2.Project.Test.TS11.TC_GetTopUpHistory_01 *****
May 17, 2020 3:23:33 PM G2.Project.Base.TestBase checkData
INFO: ***** Check Data Field *****
May 17, 2020 3:23:33 PM G2.Project.Base.TestBase checkData
INFO: Data = [{topup_balance=20000, path=null, payment_type=1, user_id=99, name=BCA, created_at=2020-05-17 10:38:25, id=495, token=80006281905218958, status=2}, {topup_balance=20000, path=http://336f1b2a.ngrok.io/downloadFile/9064ff77-3e0e-4432-91c4-8ff6f6000499.jpg, payment_type=1, user_id=99, name=BCA, created_at=2020-05-17 10:38:26, id=496, token=80006281905218958, status=1}, {topup_balance=20000, path=null, payment_type=1, user_id=99, name=BCA, created_at=2020-05-17 10:52:02, id=497, token=80006281905218958, status=2}, {topup_balance=20000, path=http://336f1b2a.ngrok.io/downloadFile/95066972-7913-4f81-8ba0-e01c752d04a1.jpg, payment_type=1, user_id=99, name=BCA, created_at=2020-05-17 15:20:10, id=525, token=80006281905218958, status=1}, {topup_balance=20000, path=null, payment_type=2, user_id=99, name=Indomaret, created_at=2020-05-17 10:38:12, id=494, token=80006281905218958, status=1}, {topup_balance=20000, path=null, payment_type=2, user_id=99, name=Indomaret, created_at=2020-05-17 10:52:13, id=498, token=80006281905218958, status=2}, {topup_balance=20000, path=null, payment_type=2, user_id=99, name=Indomaret, created_at=2020-05-17 15:18:55, id=524, token=80006281905218958, status=0}, {topup_balance=20000, path=null, payment_type=2, user_id=99, name=Indomaret, created_at=2020-05-17 15:23:26, id=526, token=80006281905218958, status=1}]
May 17, 2020 3:23:33 PM G2.Project.Base.TestBase checkContentType
INFO: ***** Check Content Type *****
May 17, 2020 3:23:33 PM G2.Project.Base.TestBase checkBody
INFO: ***** Check Body Data *****
May 17, 2020 3:23:33 PM G2.Project.Base.TestBase checkResponseTime
INFO: ***** Check Response Time *****
May 17, 2020 3:23:33 PM G2.Project.Base.TestBase checkResponseTime
INFO: Response Time = 1208
May 17, 2020 3:23:33 PM G2.Project.Base.TestBase checkStatusCode
INFO: ***** Check Status Code *****
May 17, 2020 3:23:33 PM G2.Project.Base.TestBase checkStatusCode
INFO: Status Code = 200
May 17, 2020 3:23:33 PM G2.Project.Base.TestBase checkStatusLine
INFO: ***** Check Status Line *****
May 17, 2020 3:23:33 PM G2.Project.Base.TestBase checkStatusLine
INFO: Status Line = HTTP/1.1 200 
May 17, 2020 3:23:34 PM G2.Project.Base.TestBase checkContentType
INFO: ***** Check Content Type *****
May 17, 2020 3:23:34 PM G2.Project.Base.TestBase checkBody
INFO: ***** Check Body Data *****
May 17, 2020 3:23:34 PM G2.Project.Base.TestBase checkResponseTime
INFO: ***** Check Response Time *****
May 17, 2020 3:23:34 PM G2.Project.Base.TestBase checkResponseTime
INFO: Response Time = 1465
May 17, 2020 3:23:34 PM G2.Project.Base.TestBase checkStatusCode
INFO: ***** Check Status Code *****
May 17, 2020 3:23:34 PM G2.Project.Base.TestBase checkStatusCode
INFO: Status Code = 404
May 17, 2020 3:23:34 PM G2.Project.Base.TestBase checkStatusLine
INFO: ***** Check Status Line *****
May 17, 2020 3:23:34 PM G2.Project.Base.TestBase checkStatusLine
INFO: Status Line = HTTP/1.1 404 
May 17, 2020 3:23:35 PM G2.Project.Base.TestBase checkContentType
INFO: ***** Check Content Type *****
May 17, 2020 3:23:35 PM G2.Project.Base.TestBase checkBody
INFO: ***** Check Body Data *****
May 17, 2020 3:23:35 PM G2.Project.Base.TestBase checkResponseTime
INFO: ***** Check Response Time *****
May 17, 2020 3:23:35 PM G2.Project.Base.TestBase checkResponseTime
INFO: Response Time = 1080
May 17, 2020 3:23:35 PM G2.Project.Base.TestBase checkStatusCode
INFO: ***** Check Status Code *****
May 17, 2020 3:23:35 PM G2.Project.Base.TestBase checkStatusCode
INFO: Status Code = 404
May 17, 2020 3:23:35 PM G2.Project.Base.TestBase checkStatusLine
INFO: ***** Check Status Line *****
May 17, 2020 3:23:35 PM G2.Project.Base.TestBase checkStatusLine
INFO: Status Line = HTTP/1.1 404 
May 17, 2020 3:23:36 PM G2.Project.Base.TestBase checkContentType
INFO: ***** Check Content Type *****
May 17, 2020 3:23:36 PM G2.Project.Base.TestBase checkBody
INFO: ***** Check Body Data *****
May 17, 2020 3:23:36 PM G2.Project.Base.TestBase checkResponseTime
INFO: ***** Check Response Time *****
May 17, 2020 3:23:36 PM G2.Project.Base.TestBase checkResponseTime
INFO: Response Time = 1229
May 17, 2020 3:23:36 PM G2.Project.Base.TestBase checkStatusCode
INFO: ***** Check Status Code *****
May 17, 2020 3:23:36 PM G2.Project.Base.TestBase checkStatusCode
INFO: Status Code = 404
May 17, 2020 3:23:36 PM G2.Project.Base.TestBase checkStatusLine
INFO: ***** Check Status Line *****
May 17, 2020 3:23:36 PM G2.Project.Base.TestBase checkStatusLine
INFO: Status Line = HTTP/1.1 404 
May 17, 2020 3:23:38 PM G2.Project.Base.TestBase checkContentType
INFO: ***** Check Content Type *****
May 17, 2020 3:23:38 PM G2.Project.Base.TestBase checkBody
INFO: ***** Check Body Data *****
May 17, 2020 3:23:38 PM G2.Project.Base.TestBase checkResponseTime
INFO: ***** Check Response Time *****
May 17, 2020 3:23:38 PM G2.Project.Base.TestBase checkResponseTime
INFO: Response Time = 1070
May 17, 2020 3:23:38 PM G2.Project.Base.TestBase checkStatusCode
INFO: ***** Check Status Code *****
May 17, 2020 3:23:38 PM G2.Project.Base.TestBase checkStatusCode
INFO: Status Code = 404
May 17, 2020 3:23:38 PM G2.Project.Base.TestBase checkStatusLine
INFO: ***** Check Status Line *****
May 17, 2020 3:23:38 PM G2.Project.Base.TestBase checkStatusLine
INFO: Status Line = HTTP/1.1 404 
May 17, 2020 3:23:39 PM G2.Project.Base.TestBase checkData
INFO: ***** Check Data Field *****
May 17, 2020 3:23:39 PM G2.Project.Base.TestBase checkData
INFO: Data = {topup_balance=20000, payment_type=1, name=BCA, invoice_id=527, created_at=2020-05-17 15:23:38, token=80006281905218958, status=0}
May 17, 2020 3:23:39 PM G2.Project.Base.TestBase checkContentType
INFO: ***** Check Content Type *****
May 17, 2020 3:23:39 PM G2.Project.Base.TestBase checkBody
INFO: ***** Check Body Data *****
May 17, 2020 3:23:39 PM G2.Project.Base.TestBase checkResponseTime
INFO: ***** Check Response Time *****
May 17, 2020 3:23:39 PM G2.Project.Base.TestBase checkResponseTime
INFO: Response Time = 1060
May 17, 2020 3:23:39 PM G2.Project.Base.TestBase checkStatusCode
INFO: ***** Check Status Code *****
May 17, 2020 3:23:39 PM G2.Project.Base.TestBase checkStatusCode
INFO: Status Code = 200
May 17, 2020 3:23:39 PM G2.Project.Base.TestBase checkStatusLine
INFO: ***** Check Status Line *****
May 17, 2020 3:23:39 PM G2.Project.Base.TestBase checkStatusLine
INFO: Status Line = HTTP/1.1 200 
May 17, 2020 3:23:44 PM G2.Project.Base.TestBase checkContentType
INFO: ***** Check Content Type *****
May 17, 2020 3:23:44 PM G2.Project.Base.TestBase checkBody
INFO: ***** Check Body Data *****
May 17, 2020 3:23:44 PM G2.Project.Base.TestBase checkResponseTime
INFO: ***** Check Response Time *****
May 17, 2020 3:23:44 PM G2.Project.Base.TestBase checkResponseTime
INFO: Response Time = 4266
May 17, 2020 3:23:44 PM G2.Project.Base.TestBase checkStatusCode
INFO: ***** Check Status Code *****
May 17, 2020 3:23:44 PM G2.Project.Base.TestBase checkStatusCode
INFO: Status Code = 406
May 17, 2020 3:23:44 PM G2.Project.Base.TestBase checkStatusLine
INFO: ***** Check Status Line *****
May 17, 2020 3:23:44 PM G2.Project.Base.TestBase checkStatusLine
INFO: Status Line = HTTP/1.1 406 
May 17, 2020 3:23:45 PM G2.Project.Base.TestBase checkBody
INFO: ***** Check Body Data *****
May 17, 2020 3:23:45 PM G2.Project.Base.TestBase checkResponseTime
INFO: ***** Check Response Time *****
May 17, 2020 3:23:45 PM G2.Project.Base.TestBase checkResponseTime
INFO: Response Time = 1113
May 17, 2020 3:23:45 PM G2.Project.Base.TestBase checkStatusCode
INFO: ***** Check Status Code *****
May 17, 2020 3:23:45 PM G2.Project.Base.TestBase checkStatusCode
INFO: Status Code = 400
May 17, 2020 3:23:45 PM G2.Project.Base.TestBase checkStatusLine
INFO: ***** Check Status Line *****
May 17, 2020 3:23:45 PM G2.Project.Base.TestBase checkStatusLine
INFO: Status Line = HTTP/1.1 400 
May 17, 2020 3:23:47 PM G2.Project.Base.TestBase checkBody
INFO: ***** Check Body Data *****
May 17, 2020 3:23:47 PM G2.Project.Base.TestBase checkResponseTime
INFO: ***** Check Response Time *****
May 17, 2020 3:23:47 PM G2.Project.Base.TestBase checkResponseTime
INFO: Response Time = 1932
May 17, 2020 3:23:47 PM G2.Project.Base.TestBase checkStatusCode
INFO: ***** Check Status Code *****
May 17, 2020 3:23:47 PM G2.Project.Base.TestBase checkStatusCode
INFO: Status Code = 406
May 17, 2020 3:23:47 PM G2.Project.Base.TestBase checkStatusLine
INFO: ***** Check Status Line *****
May 17, 2020 3:23:47 PM G2.Project.Base.TestBase checkStatusLine
INFO: Status Line = HTTP/1.1 406 
May 17, 2020 3:23:48 PM G2.Project.Base.TestBase checkBody
INFO: ***** Check Body Data *****
May 17, 2020 3:23:48 PM G2.Project.Base.TestBase checkResponseTime
INFO: ***** Check Response Time *****
May 17, 2020 3:23:48 PM G2.Project.Base.TestBase checkResponseTime
INFO: Response Time = 1056
May 17, 2020 3:23:48 PM G2.Project.Base.TestBase checkStatusCode
INFO: ***** Check Status Code *****
May 17, 2020 3:23:48 PM G2.Project.Base.TestBase checkStatusCode
INFO: Status Code = 400
May 17, 2020 3:23:48 PM G2.Project.Base.TestBase checkStatusLine
INFO: ***** Check Status Line *****
May 17, 2020 3:23:48 PM G2.Project.Base.TestBase checkStatusLine
INFO: Status Line = HTTP/1.1 400 
May 17, 2020 3:23:50 PM G2.Project.Base.TestBase checkContentType
INFO: ***** Check Content Type *****
May 17, 2020 3:23:50 PM G2.Project.Base.TestBase checkBody
INFO: ***** Check Body Data *****
May 17, 2020 3:23:50 PM G2.Project.Base.TestBase checkResponseTime
INFO: ***** Check Response Time *****
May 17, 2020 3:23:50 PM G2.Project.Base.TestBase checkResponseTime
INFO: Response Time = 1733
May 17, 2020 3:23:50 PM G2.Project.Base.TestBase checkStatusCode
INFO: ***** Check Status Code *****
May 17, 2020 3:23:50 PM G2.Project.Base.TestBase checkStatusCode
INFO: Status Code = 200
May 17, 2020 3:23:50 PM G2.Project.Base.TestBase checkStatusLine
INFO: ***** Check Status Line *****
May 17, 2020 3:23:50 PM G2.Project.Base.TestBase checkStatusLine
INFO: Status Line = HTTP/1.1 200 
